# Info: [9566]: Logging session transcript to file /nfs/home/s/sal_rahm/316/fpga_adv/lab3/precision.log
//  Precision RTL Synthesis  64-bit 2016.1.0.15 (Production Release) Wed Jun  8 09:35:56 PDT 2016
//  
//  Copyright (c) Mentor Graphics Corporation, 1996-2016, All Rights Reserved.
//             Portions copyright 1991-2008 Compuware Corporation
//                       UNPUBLISHED, LICENSED SOFTWARE.
//            CONFIDENTIAL AND PROPRIETARY INFORMATION WHICH IS THE
//          PROPERTY OF MENTOR GRAPHICS CORPORATION OR ITS LICENSORS
//  
//  Running on Linux sal_rahm@poise.encs.concordia.ca #1 SMP Thu Oct 17 14:34:42 CDT 2019 3.10.0-1062.4.1.el7.x86_64 x86_64
//  
//  Start time Thu Nov  7 03:14:10 2019
# -------------------------------------------------
# Info: [9566]: Logging session transcript to file /nfs/home/s/sal_rahm/316/fpga_adv/lab3/precision.log
# COMMAND: new_project -name lab3 -folder /nfs/home/s/sal_rahm/316/fpga_adv/lab3 -createimpl_name lab3_impl_1
# Info: [9574]: Input directory: /nfs/home/s/sal_rahm/316/fpga_adv/lab3
# Info: [9569]: Moving session transcript to file /nfs/home/s/sal_rahm/316/fpga_adv/lab3/precision.log
# Info: [9555]: Created project /nfs/home/s/sal_rahm/316/fpga_adv/lab3/lab3.psp in folder /nfs/home/s/sal_rahm/316/fpga_adv/lab3.
# Info: [9531]: Created directory: /nfs/home/s/sal_rahm/316/fpga_adv/lab3/lab3_impl_1.
# Info: [9554]: Created implementation lab3_impl_1 in project /nfs/home/s/sal_rahm/316/fpga_adv/lab3/lab3.psp.
# Info: [9575]: The Results Directory has been set to: /nfs/home/s/sal_rahm/316/fpga_adv/lab3/lab3_impl_1/
# Info: [9566]: Logging project transcript to file /nfs/home/s/sal_rahm/316/fpga_adv/lab3/lab3_impl_1/precision.log
# Info: [9566]: Logging suppressed messages transcript to file /nfs/home/s/sal_rahm/316/fpga_adv/lab3/lab3_impl_1/precision.log.suppressed
# Info: [9550]: Activated implementation lab3_impl_1 in project /nfs/home/s/sal_rahm/316/fpga_adv/lab3/lab3.psp.
new_project -name lab3 -folder /nfs/home/s/sal_rahm/316/fpga_adv/lab3 -createimpl_name lab3_impl_1
# COMMAND: add_input_file {../../32-bit-CPU/next_address.vhd}
add_input_file {../../32-bit-CPU/next_address.vhd}
# COMMAND: setup_design -manufacturer Xilinx -family "VIRTEX-II Pro" -part 2VP30ff896 -speed -7
# Info: [15298]: Setting up the design to use synthesis library "xcv2p.syn"
# Info: [575]: The global max fanout is currently set to 10000 for Xilinx - VIRTEX-II Pro.
# Info: [15324]: Setting Part to: "2VP30ff896".
# Info: [15325]: Setting Process to: "7".
# Info: [7512]: The place and route tool for current technology is ISE.
setup_design -manufacturer Xilinx -family "VIRTEX-II Pro" -part 2VP30ff896 -speed -7
# COMMAND: setup_design -frequency 100 -max_fanout=10000
# Info: [575]: The global max fanout is currently set to 10000 for Xilinx - VIRTEX-II Pro.
setup_design -frequency 100 -max_fanout=10000
# COMMAND: compile
# Info: [3022]: Reading file: /CMC/tools/mentor/precision/Mgc_home/pkgs/psr/techlibs/xcv2p.syn.
# Info: [634]: Loading library initialization file /CMC/tools/mentor/precision/Mgc_home/pkgs/psr/userware/xilinx_rename.tcl
# Info: XILINX
# Info: [40000]: vhdlorder, Release 2016a.7
# Info: [40000]: Files sorted successfully.
# Info: [40000]: hdl-analyze, Release RTLC-Precision 2016a.7
# Info: [42502]: Analyzing input file "/nfs/home/s/sal_rahm/316/fpga_adv/lab3/../../32-bit-CPU/next_address.vhd" ...
# Info: [659]: Top module of the design is set to: next_address.
# Info: [657]: Current working directory: /nfs/home/s/sal_rahm/316/fpga_adv/lab3/lab3_impl_1.
# Info: [40000]: RTLC-Driver, Release RTLC-Precision 2016a.7
# Info: [40000]: Last compiled on Jun  2 2016 06:11:46
# Info: [44512]: Initializing...
# Info: [44504]: Partitioning design ....
# Info: [40000]: RTLCompiler, Release RTLC-Precision 2016a.7
# Info: [40000]: Last compiled on Jun  2 2016 06:47:43
# Info: [44512]: Initializing...
# Info: [44522]: Root Module work.next_address(next_address_arch): Pre-processing...
# Info: [44523]: Root Module work.next_address(next_address_arch): Compiling...
# Info: [44846]: Rebalanced Expression Tree...
# Info: [44842]: Compilation successfully completed.
# Info: [44841]: Counter Inferencing === Detected : 1, Inferred (Modgen/Selcounter/AddSub) : 0 (0 / 0 / 0), AcrossDH (Merged/Not-Merged) : (0 / 0), Not-Inferred (Acrossdh/Attempted) : (0 / 0), Local Vars : 1 ===
# Info: [44856]: Total lines of RTL compiled: 57.
# Info: [44835]: Total CPU time for compilation: 0.0 secs.
# Info: [44513]: Overall running time for compilation: 1.0 secs.
# Info: [657]: Current working directory: /nfs/home/s/sal_rahm/316/fpga_adv/lab3/lab3_impl_1.
# Info: [15330]: Doing rtl optimizations.
# Info: [660]: Finished compiling design.
compile
# COMMAND: synthesize
# Info: [657]: Current working directory: /nfs/home/s/sal_rahm/316/fpga_adv/lab3/lab3_impl_1.
# Info: [15002]: Optimizing design view:.work.next_address.next_address_arch
# Info: [3027]: Writing file: /nfs/home/s/sal_rahm/316/fpga_adv/lab3/lab3_impl_1/next_address.edf.
# Info: [3027]: Writing file: /nfs/home/s/sal_rahm/316/fpga_adv/lab3/lab3_impl_1/next_address.ucf.
# Info: [660]: Finished synthesizing design.
# Info: [11019]: Total CPU time for synthesis: 0.8 s secs.
# Info: [11020]: Overall running time for synthesis: 1.0 s secs.
synthesize
# COMMAND: exit -force
# Warning: [9526]: Discarded unsaved work in implementation lab3_impl_1.
# Info: [9530]: Closed project: /nfs/home/s/sal_rahm/316/fpga_adv/lab3/lab3.psp.
close_project -discard
exit -force
