# Info: [9566]: Logging project transcript to file /nfs/home/s/sal_rahm/316/fpga_adv/lab1/lab1_impl_1/precision.log
# Info: [9566]: Logging suppressed messages transcript to file /nfs/home/s/sal_rahm/316/fpga_adv/lab1/lab1_impl_1/precision.log.suppressed
# Info: [9550]: Activated implementation lab1_impl_1 in project /nfs/home/s/sal_rahm/316/fpga_adv/lab1/lab1.psp.
new_project -name lab1 -folder /nfs/home/s/sal_rahm/316/fpga_adv/lab1 -createimpl_name lab1_impl_1
# COMMAND: add_input_file {../../32-bit-CPU/alu.vhd}
add_input_file {../../32-bit-CPU/alu.vhd}
# COMMAND: setup_design -manufacturer Xilinx -family "VIRTEX-II Pro" -part 2VP30ff896 -speed -7
# Info: [15298]: Setting up the design to use synthesis library "xcv2p.syn"
# Info: [575]: The global max fanout is currently set to 10000 for Xilinx - VIRTEX-II Pro.
# Info: [15324]: Setting Part to: "2VP30ff896".
# Info: [15325]: Setting Process to: "7".
# Info: [7512]: The place and route tool for current technology is ISE.
setup_design -manufacturer Xilinx -family "VIRTEX-II Pro" -part 2VP30ff896 -speed -7
# COMMAND: setup_design -frequency 100 -max_fanout=10000
# Info: [575]: The global max fanout is currently set to 10000 for Xilinx - VIRTEX-II Pro.
setup_design -frequency 100 -max_fanout=10000
# COMMAND: compile
# Info: [3022]: Reading file: /CMC/tools/mentor/precision/Mgc_home/pkgs/psr/techlibs/xcv2p.syn.
# Info: [634]: Loading library initialization file /CMC/tools/mentor/precision/Mgc_home/pkgs/psr/userware/xilinx_rename.tcl
# Info: XILINX
# Info: [40000]: vhdlorder, Release 2016a.7
# Info: [40000]: Files sorted successfully.
# Info: [40000]: hdl-analyze, Release RTLC-Precision 2016a.7
# Info: [42502]: Analyzing input file "/nfs/home/s/sal_rahm/316/fpga_adv/lab1/../../32-bit-CPU/alu.vhd" ...
# Error: [42996]: "/nfs/home/s/sal_rahm/316/fpga_adv/lab1/../../32-bit-CPU/alu.vhd", line 135: Illegal reference of signal - cannot elaborate statically
# Error: [40008]: HDL analysis failed.
compile
# COMMAND: exit -force
# Warning: [9526]: Discarded unsaved work in implementation lab1_impl_1.
# Info: [9565]: Appending project transcript to file /nfs/home/s/sal_rahm/316/fpga_adv/lab1/lab1_impl_1/precision.log
# Info: [9565]: Appending suppressed messages transcript to file /nfs/home/s/sal_rahm/316/fpga_adv/lab1/lab1_impl_1/precision.log.suppressed
# Info: [9550]: Activated implementation lab1_impl_1 in project /nfs/home/s/sal_rahm/316/fpga_adv/lab1/lab1.psp.
open_project /nfs/home/s/sal_rahm/316/fpga_adv/lab1/lab1.psp
# COMMAND: add_input_file {../../32-bit-CPU/alu.vhd}
add_input_file {../../32-bit-CPU/alu.vhd}
# COMMAND: setup_design -manufacturer Xilinx -family "VIRTEX-II Pro" -part 2VP30ff896 -speed -7
# Info: [15298]: Setting up the design to use synthesis library "xcv2p.syn"
# Info: [575]: The global max fanout is currently set to 10000 for Xilinx - VIRTEX-II Pro.
# Info: [15324]: Setting Part to: "2VP30ff896".
# Info: [15325]: Setting Process to: "7".
# Info: [7512]: The place and route tool for current technology is ISE.
setup_design -manufacturer Xilinx -family "VIRTEX-II Pro" -part 2VP30ff896 -speed -7
# COMMAND: setup_design -frequency 100 -max_fanout=10000
# Info: [575]: The global max fanout is currently set to 10000 for Xilinx - VIRTEX-II Pro.
setup_design -frequency 100 -max_fanout=10000
# COMMAND: compile
# Info: [3022]: Reading file: /CMC/tools/mentor/precision/Mgc_home/pkgs/psr/techlibs/xcv2p.syn.
# Info: [634]: Loading library initialization file /CMC/tools/mentor/precision/Mgc_home/pkgs/psr/userware/xilinx_rename.tcl
# Info: XILINX
# Info: [40000]: vhdlorder, Release 2016a.7
# Info: [40000]: Files sorted successfully.
# Info: [40000]: hdl-analyze, Release RTLC-Precision 2016a.7
# Info: [42502]: Analyzing input file "/nfs/home/s/sal_rahm/316/fpga_adv/lab1/../../32-bit-CPU/alu.vhd" ...
# Info: [659]: Top module of the design is set to: alu.
# Info: [657]: Current working directory: /nfs/home/s/sal_rahm/316/fpga_adv/lab1/lab1_impl_1.
# Info: [40000]: RTLC-Driver, Release RTLC-Precision 2016a.7
# Info: [40000]: Last compiled on Jun  2 2016 06:11:46
# Info: [44512]: Initializing...
# Info: [44504]: Partitioning design ....
# Info: [40000]: RTLCompiler, Release RTLC-Precision 2016a.7
# Info: [40000]: Last compiled on Jun  2 2016 06:47:43
# Info: [44512]: Initializing...
# Info: [44522]: Root Module work.alu(alu_architecture): Pre-processing...
# Info: [44523]: Root Module work.alu(alu_architecture): Compiling...
# Info: [44842]: Compilation successfully completed.
# Info: [44856]: Total lines of RTL compiled: 149.
# Info: [44835]: Total CPU time for compilation: 0.0 secs.
# Info: [44513]: Overall running time for compilation: 5.0 secs.
# Info: [657]: Current working directory: /nfs/home/s/sal_rahm/316/fpga_adv/lab1/lab1_impl_1.
# Info: [15330]: Doing rtl optimizations.
# Info: [660]: Finished compiling design.
compile
# COMMAND: synthesize
# Info: [657]: Current working directory: /nfs/home/s/sal_rahm/316/fpga_adv/lab1/lab1_impl_1.
# Info: [15002]: Optimizing design view:.work.alu.alu_architecture
# Info: [3027]: Writing file: /nfs/home/s/sal_rahm/316/fpga_adv/lab1/lab1_impl_1/alu.edf.
# Info: [3027]: Writing file: /nfs/home/s/sal_rahm/316/fpga_adv/lab1/lab1_impl_1/alu.ucf.
# Info: [660]: Finished synthesizing design.
# Info: [11019]: Total CPU time for synthesis: 0.9 s secs.
# Info: [11020]: Overall running time for synthesis: 1.2 s secs.
synthesize
# COMMAND: save_project
# Info: [9562]: Saved implementation lab1_impl_1 in project /nfs/home/s/sal_rahm/316/fpga_adv/lab1/lab1.psp.
save_project
